<?xml version="1.0" encoding="UTF-8"?>
<testsuite name="PatientTest" tests="3" skipped="0" failures="0" errors="0" timestamp="2015-08-25T23:40:17" hostname="epicodus-108.local" time="0.043">
  <properties/>
  <testcase name="save_returnsTrueIfPatientNameAretheSame" classname="PatientTest" time="0.023"/>
  <testcase name="all_emptyAtFirst" classname="PatientTest" time="0.013"/>
  <testcase name="equals_returnsTrueIfPatientNameAreTheSame" classname="PatientTest" time="0.007"/>
  <system-out><![CDATA[]]></system-out>
  <system-err><![CDATA[]]></system-err>
</testsuite>
