<?xml version="1.0" encoding="UTF-8"?>
<testsuite name="DoctorTest" tests="1" skipped="0" failures="0" errors="0" timestamp="2015-08-25T23:40:17" hostname="epicodus-108.local" time="0.105">
  <properties/>
  <testcase name="all_emptyAtFirst" classname="DoctorTest" time="0.105"/>
  <system-out><![CDATA[]]></system-out>
  <system-err><![CDATA[]]></system-err>
</testsuite>
